<?xml version="1.0" encoding="UTF-8"?>
<testng-results skipped="1" failed="0" ignored="2" total="6" passed="3">
  <reporter-output>
  </reporter-output>
  <suite name="Suite Name" duration-ms="125307" started-at="2019-11-19T15:22:35Z" finished-at="2019-11-19T15:24:41Z">
    <groups>
    </groups>
    <test name="Test Name" duration-ms="125307" started-at="2019-11-19T15:22:35Z" finished-at="2019-11-19T15:24:41Z">
      <class name="LoginTest">
        <test-method status="FAIL" signature="setupTest()[pri:0, instance:LoginTest@ffd1a97]" name="setupTest" is-config="true" duration-ms="1848" started-at="2019-11-19T15:24:39Z" finished-at="2019-11-19T15:24:41Z">
          <exception class="java.lang.NullPointerException">
            <full-stacktrace>
              <![CDATA[java.lang.NullPointerException
at BaseTest.setupTest(BaseTest.java:28)
at sun.reflect.NativeMethodAccessorImpl.invoke0(Native Method)
at sun.reflect.NativeMethodAccessorImpl.invoke(NativeMethodAccessorImpl.java:62)
at sun.reflect.DelegatingMethodAccessorImpl.invoke(DelegatingMethodAccessorImpl.java:43)
at java.lang.reflect.Method.invoke(Method.java:498)
at org.testng.internal.MethodInvocationHelper.invokeMethod(MethodInvocationHelper.java:124)
at org.testng.internal.MethodInvocationHelper.invokeMethodConsideringTimeout(MethodInvocationHelper.java:59)
at org.testng.internal.Invoker.invokeConfigurationMethod(Invoker.java:458)
at org.testng.internal.Invoker.invokeConfigurations(Invoker.java:222)
at org.testng.internal.Invoker.invokeMethod(Invoker.java:523)
at org.testng.internal.Invoker.invokeTestMethod(Invoker.java:719)
at org.testng.internal.Invoker.invokeTestMethods(Invoker.java:989)
at org.testng.internal.TestMethodWorker.invokeTestMethods(TestMethodWorker.java:125)
at org.testng.internal.TestMethodWorker.run(TestMethodWorker.java:109)
at java.util.concurrent.ThreadPoolExecutor.runWorker(ThreadPoolExecutor.java:1149)
at java.util.concurrent.ThreadPoolExecutor$Worker.run(ThreadPoolExecutor.java:624)
at java.lang.Thread.run(Thread.java:748)
]]>
            </full-stacktrace>
          </exception> <!-- java.lang.NullPointerException -->
          <reporter-output>
          </reporter-output>
        </test-method> <!-- setupTest -->
        <test-method status="SKIP" signature="loginTest()[pri:0, instance:LoginTest@ffd1a97]" name="loginTest" duration-ms="0" started-at="2019-11-19T15:24:41Z" finished-at="2019-11-19T15:24:41Z">
          <exception class="java.lang.NullPointerException">
            <full-stacktrace>
              <![CDATA[java.lang.NullPointerException
at BaseTest.setupTest(BaseTest.java:28)
at sun.reflect.NativeMethodAccessorImpl.invoke0(Native Method)
at sun.reflect.NativeMethodAccessorImpl.invoke(NativeMethodAccessorImpl.java:62)
at sun.reflect.DelegatingMethodAccessorImpl.invoke(DelegatingMethodAccessorImpl.java:43)
at java.lang.reflect.Method.invoke(Method.java:498)
at org.testng.internal.MethodInvocationHelper.invokeMethod(MethodInvocationHelper.java:124)
at org.testng.internal.MethodInvocationHelper.invokeMethodConsideringTimeout(MethodInvocationHelper.java:59)
at org.testng.internal.Invoker.invokeConfigurationMethod(Invoker.java:458)
at org.testng.internal.Invoker.invokeConfigurations(Invoker.java:222)
at org.testng.internal.Invoker.invokeMethod(Invoker.java:523)
at org.testng.internal.Invoker.invokeTestMethod(Invoker.java:719)
at org.testng.internal.Invoker.invokeTestMethods(Invoker.java:989)
at org.testng.internal.TestMethodWorker.invokeTestMethods(TestMethodWorker.java:125)
at org.testng.internal.TestMethodWorker.run(TestMethodWorker.java:109)
at java.util.concurrent.ThreadPoolExecutor.runWorker(ThreadPoolExecutor.java:1149)
at java.util.concurrent.ThreadPoolExecutor$Worker.run(ThreadPoolExecutor.java:624)
at java.lang.Thread.run(Thread.java:748)
]]>
            </full-stacktrace>
          </exception> <!-- java.lang.NullPointerException -->
          <reporter-output>
          </reporter-output>
        </test-method> <!-- loginTest -->
        <test-method status="SKIP" signature="afterMethod()[pri:0, instance:LoginTest@ffd1a97]" name="afterMethod" is-config="true" duration-ms="0" started-at="2019-11-19T15:24:41Z" finished-at="2019-11-19T15:24:41Z">
          <reporter-output>
          </reporter-output>
        </test-method> <!-- afterMethod -->
      </class> <!-- LoginTest -->
      <class name="DescTest">
        <test-method status="PASS" signature="beforeSuite()[pri:0, instance:DescTest@f7b0266]" name="beforeSuite" is-config="true" duration-ms="423" started-at="2019-11-19T15:22:35Z" finished-at="2019-11-19T15:22:35Z">
          <reporter-output>
          </reporter-output>
        </test-method> <!-- beforeSuite -->
        <test-method status="PASS" signature="setupTest()[pri:0, instance:DescTest@f7b0266]" name="setupTest" is-config="true" duration-ms="2225" started-at="2019-11-19T15:22:35Z" finished-at="2019-11-19T15:22:37Z">
          <reporter-output>
          </reporter-output>
        </test-method> <!-- setupTest -->
        <test-method status="PASS" signature="testCanAddFewLists(int)[pri:0, instance:DescTest@f7b0266]" name="testCanAddFewLists" duration-ms="40573" started-at="2019-11-19T15:22:37Z" data-provider="listsCount" finished-at="2019-11-19T15:23:18Z">
          <params>
            <param index="0">
              <value>
                <![CDATA[3]]>
              </value>
            </param>
          </params>
          <reporter-output>
          </reporter-output>
        </test-method> <!-- testCanAddFewLists -->
        <test-method status="PASS" signature="afterMethod()[pri:0, instance:DescTest@f7b0266]" name="afterMethod" is-config="true" duration-ms="777" started-at="2019-11-19T15:23:18Z" finished-at="2019-11-19T15:23:19Z">
          <reporter-output>
          </reporter-output>
        </test-method> <!-- afterMethod -->
        <test-method status="PASS" signature="setupTest()[pri:0, instance:DescTest@f7b0266]" name="setupTest" is-config="true" duration-ms="2007" started-at="2019-11-19T15:23:19Z" finished-at="2019-11-19T15:23:21Z">
          <reporter-output>
          </reporter-output>
        </test-method> <!-- setupTest -->
        <test-method status="PASS" signature="testListNamesLength(int)[pri:0, instance:DescTest@f7b0266]" name="testListNamesLength" duration-ms="35403" started-at="2019-11-19T15:23:21Z" data-provider="listNamesLength" finished-at="2019-11-19T15:23:56Z">
          <params>
            <param index="0">
              <value>
                <![CDATA[5]]>
              </value>
            </param>
          </params>
          <reporter-output>
          </reporter-output>
        </test-method> <!-- testListNamesLength -->
        <test-method status="PASS" signature="afterMethod()[pri:0, instance:DescTest@f7b0266]" name="afterMethod" is-config="true" duration-ms="677" started-at="2019-11-19T15:23:56Z" finished-at="2019-11-19T15:23:57Z">
          <reporter-output>
          </reporter-output>
        </test-method> <!-- afterMethod -->
        <test-method status="PASS" signature="setupTest()[pri:0, instance:DescTest@f7b0266]" name="setupTest" is-config="true" duration-ms="1862" started-at="2019-11-19T15:23:57Z" finished-at="2019-11-19T15:23:59Z">
          <reporter-output>
          </reporter-output>
        </test-method> <!-- setupTest -->
        <test-method status="PASS" signature="testListNamesLength(int)[pri:0, instance:DescTest@f7b0266]" name="testListNamesLength" duration-ms="39243" started-at="2019-11-19T15:23:59Z" data-provider="listNamesLength" finished-at="2019-11-19T15:24:38Z">
          <params>
            <param index="0">
              <value>
                <![CDATA[512]]>
              </value>
            </param>
          </params>
          <reporter-output>
          </reporter-output>
        </test-method> <!-- testListNamesLength -->
        <test-method status="PASS" signature="afterMethod()[pri:0, instance:DescTest@f7b0266]" name="afterMethod" is-config="true" duration-ms="666" started-at="2019-11-19T15:24:38Z" finished-at="2019-11-19T15:24:39Z">
          <reporter-output>
          </reporter-output>
        </test-method> <!-- afterMethod -->
        <test-method status="PASS" signature="afterSuite()[pri:0, instance:DescTest@f7b0266]" name="afterSuite" is-config="true" duration-ms="0" started-at="2019-11-19T15:24:41Z" finished-at="2019-11-19T15:24:41Z">
          <reporter-output>
          </reporter-output>
        </test-method> <!-- afterSuite -->
      </class> <!-- DescTest -->
    </test> <!-- Test Name -->
  </suite> <!-- Suite Name -->
</testng-results>
